#-----------------------------------------------------------
# Vivado v2020.2 (64-bit)
# SW Build 3064766 on Wed Nov 18 09:12:45 MST 2020
# IP Build 3064653 on Wed Nov 18 14:17:31 MST 2020
# Start of session at: Tue Mar  9 19:26:06 2021
# Process ID: 14928
# Current directory: C:/Users/adria/OneDrive/Poèítaè/DE1/Digitalelectronics-1/04-Seven-segment display decoder/project_1display
# Command line: vivado.exe -gui_launcher_event rodinguilauncherevent17396 C:\Users\adria\OneDrive\Poèítaè\DE1\Digitalelectronics-1\04-Seven-segment display decoder\project_1display\project_1display.xpr
# Log file: C:/Users/adria/OneDrive/Poèítaè/DE1/Digitalelectronics-1/04-Seven-segment display decoder/project_1display/vivado.log
# Journal file: C:/Users/adria/OneDrive/Poèítaè/DE1/Digitalelectronics-1/04-Seven-segment display decoder/project_1display\vivado.jou
#-----------------------------------------------------------
start_guiopen_project {C:/Users/adria/OneDrive/Poèítaè/DE1/Digitalelectronics-1/04-Seven-segment display decoder/project_1display/project_1display.xpr}
INFO: [ProjectBase 1-489] The host OS only allows 260 characters in a normal path. The project is stored in a path with more than 80 characters. If you experience issues with IP, Block Designs, or files not being found, please consider moving the project to a location with a shorter path. Alternately consider using the OS subst command to map part of the path to a drive letter.
Current project path is 'C:/Users/adria/OneDrive/Poèítaè/DE1/Digitalelectronics-1/04-Seven-segment display decoder/project_1display'
INFO: [Project 1-313] Project file moved from 'C:/Users/adria/OneDrive/Pota/DE1/Digitalelectronics-1/04-Seven-segment/project_1display' since last save.
WARNING: [filemgmt 56-2] Default IP Output Path : Could not find the directory 'C:/Users/adria/OneDrive/Poèítaè/DE1/Digitalelectronics-1/04-Seven-segment display decoder/project_1display/project_1display.gen/sources_1', nor could it be found using path 'C:/Users/adria/OneDrive/Pota/DE1/Digitalelectronics-1/04-Seven-segment/project_1display/project_1display.gen/sources_1'.
Scanning sources...
Finished scanning sources
INFO: [IP_Flow 19-234] Refreshing IP repositories
INFO: [IP_Flow 19-1704] No user IP repositories specified
INFO: [IP_Flow 19-2313] Loaded Vivado IP repository 'C:/APPZ/Vivado/2020.2/data/ip'.
open_project: Time (s): cpu = 00:00:28 ; elapsed = 00:00:13 . Memory (MB): peak = 1002.969 ; gain = 0.000
update_compile_order -fileset sources_1
eexit
INFO: [Common 17-206] Exiting Vivado at Tue Mar  9 19:28:44 2021...
